=== OWL/SHACL Substrate Test Run ===

======================================================================
OWL Execution Substrate - SHACL Reasoning Test
======================================================================

Loading rulebook...
Tables with computed columns: Client, Projects, Employees, Roles, TypesOfProject

Loading ontology and data...
   Loaded: /Users/eejai42/effortlessapi-app-root/users/user_ee42ai73-18a9-47d5-8f99-954b00f6c041/my-projects/effortlessly-invariant-rulesbooks/execution-substrates/owl/ontology.owl
   Loaded: /Users/eejai42/effortlessapi-app-root/users/user_ee42ai73-18a9-47d5-8f99-954b00f6c041/my-projects/effortlessly-invariant-rulesbooks/execution-substrates/owl/individuals.ttl
   Total triples: 271

Loading SHACL rules...
   Loaded: /Users/eejai42/effortlessapi-app-root/users/user_ee42ai73-18a9-47d5-8f99-954b00f6c041/my-projects/effortlessly-invariant-rulesbooks/execution-substrates/owl/rules.shacl.ttl
   Rule triples: 15

Running SHACL-SPARQL reasoning...
   (Multiple passes to resolve dependencies between computed fields)
   Pass 1: 271 -> 274 triples (3 added)
   Pass 2: 274 -> 274 triples (0 added)
   Completed in 2 passes
   Final triple count: 274

Extracting computed values...
   Client: 3 records (1 computed fields)
   Projects: 3 records (7 computed fields)
   Employees: 3 records (3 computed fields)
   Roles: 3 records (1 computed fields)
   TypesOfProject: 4 records (1 computed fields)

Total: 16 records extracted
Output: /Users/eejai42/effortlessapi-app-root/users/user_ee42ai73-18a9-47d5-8f99-954b00f6c041/my-projects/effortlessly-invariant-rulesbooks/execution-substrates/owl/test-answers/

======================================================================
SHACL reasoning complete!
======================================================================

