Started GET "/" for 127.0.0.1 at 2026-05-29 13:57:46 -0500
  [1m[35m (4.2ms)[0m  [1m[35mCREATE TABLE "schema_migrations" ("version" character varying NOT NULL PRIMARY KEY)[0m
  [1m[35m (1.1ms)[0m  [1m[35mCREATE TABLE "ar_internal_metadata" ("key" character varying NOT NULL PRIMARY KEY, "value" character varying, "created_at" timestamp(6) NOT NULL, "updated_at" timestamp(6) NOT NULL)[0m
  [1m[36mActiveRecord::SchemaMigration Pluck (0.2ms)[0m  [1m[34mSELECT "schema_migrations"."version" FROM "schema_migrations" ORDER BY "schema_migrations"."version" ASC[0m
  
ActiveRecord::PendingMigrationError (

Migrations are pending. To resolve this issue, run:

        bin/rails db:migrate RAILS_ENV=development

You have 1 pending migration:

1780079121864_customers.rb


):
  
activerecord (7.0.10) lib/active_record/migration.rb:663:in `check_pending!'
activerecord (7.0.10) lib/active_record/migration.rb:628:in `block (2 levels) in call'
activesupport (7.0.10) lib/active_support/file_update_checker.rb:83:in `execute'
activerecord (7.0.10) lib/active_record/migration.rb:633:in `block in call'
activerecord (7.0.10) lib/active_record/migration.rb:625:in `synchronize'
activerecord (7.0.10) lib/active_record/migration.rb:625:in `call'
actionpack (7.0.10) lib/action_dispatch/middleware/callbacks.rb:27:in `block in call'
activesupport (7.0.10) lib/active_support/callbacks.rb:99:in `run_callbacks'
actionpack (7.0.10) lib/action_dispatch/middleware/callbacks.rb:26:in `call'
actionpack (7.0.10) lib/action_dispatch/middleware/executor.rb:14:in `call'
actionpack (7.0.10) lib/action_dispatch/middleware/actionable_exceptions.rb:17:in `call'
actionpack (7.0.10) lib/action_dispatch/middleware/debug_exceptions.rb:28:in `call'
web-console (4.2.1) lib/web_console/middleware.rb:132:in `call_app'
web-console (4.2.1) lib/web_console/middleware.rb:28:in `block in call'
web-console (4.2.1) lib/web_console/middleware.rb:17:in `catch'
web-console (4.2.1) lib/web_console/middleware.rb:17:in `call'
actionpack (7.0.10) lib/action_dispatch/middleware/show_exceptions.rb:29:in `call'
railties (7.0.10) lib/rails/rack/logger.rb:40:in `call_app'
railties (7.0.10) lib/rails/rack/logger.rb:25:in `block in call'
activesupport (7.0.10) lib/active_support/tagged_logging.rb:99:in `block in tagged'
activesupport (7.0.10) lib/active_support/tagged_logging.rb:37:in `tagged'
activesupport (7.0.10) lib/active_support/tagged_logging.rb:99:in `tagged'
railties (7.0.10) lib/rails/rack/logger.rb:25:in `call'
actionpack (7.0.10) lib/action_dispatch/middleware/remote_ip.rb:93:in `call'
actionpack (7.0.10) lib/action_dispatch/middleware/request_id.rb:26:in `call'
rack (2.2.23) lib/rack/method_override.rb:24:in `call'
rack (2.2.23) lib/rack/runtime.rb:22:in `call'
actionpack (7.0.10) lib/action_dispatch/middleware/executor.rb:14:in `call'
actionpack (7.0.10) lib/action_dispatch/middleware/static.rb:23:in `call'
rack (2.2.23) lib/rack/sendfile.rb:127:in `call'
actionpack (7.0.10) lib/action_dispatch/middleware/host_authorization.rb:138:in `call'
railties (7.0.10) lib/rails/engine.rb:531:in `call'
puma (5.6.9) lib/puma/configuration.rb:252:in `call'
puma (5.6.9) lib/puma/request.rb:77:in `block in handle_request'
puma (5.6.9) lib/puma/thread_pool.rb:340:in `with_force_shutdown'
puma (5.6.9) lib/puma/request.rb:76:in `handle_request'
puma (5.6.9) lib/puma/server.rb:443:in `process_client'
puma (5.6.9) lib/puma/thread_pool.rb:147:in `block in spawn_thread'
Started GET "/favicon.ico" for 127.0.0.1 at 2026-05-29 13:57:46 -0500
  [1m[36mActiveRecord::SchemaMigration Pluck (0.1ms)[0m  [1m[34mSELECT "schema_migrations"."version" FROM "schema_migrations" ORDER BY "schema_migrations"."version" ASC[0m
  [1m[36mCACHE ActiveRecord::SchemaMigration Pluck (0.0ms)[0m  [1m[34mSELECT "schema_migrations"."version" FROM "schema_migrations" ORDER BY "schema_migrations"."version" ASC[0m
  
ActiveRecord::PendingMigrationError (

Migrations are pending. To resolve this issue, run:

        bin/rails db:migrate RAILS_ENV=development

You have 1 pending migration:

1780079121864_customers.rb


):
  
activerecord (7.0.10) lib/active_record/migration.rb:663:in `check_pending!'
activerecord (7.0.10) lib/active_record/migration.rb:628:in `block (2 levels) in call'
activesupport (7.0.10) lib/active_support/file_update_checker.rb:83:in `execute'
activerecord (7.0.10) lib/active_record/migration.rb:633:in `block in call'
activerecord (7.0.10) lib/active_record/migration.rb:625:in `synchronize'
activerecord (7.0.10) lib/active_record/migration.rb:625:in `call'
actionpack (7.0.10) lib/action_dispatch/middleware/callbacks.rb:27:in `block in call'
activesupport (7.0.10) lib/active_support/callbacks.rb:99:in `run_callbacks'
actionpack (7.0.10) lib/action_dispatch/middleware/callbacks.rb:26:in `call'
actionpack (7.0.10) lib/action_dispatch/middleware/executor.rb:14:in `call'
actionpack (7.0.10) lib/action_dispatch/middleware/actionable_exceptions.rb:17:in `call'
actionpack (7.0.10) lib/action_dispatch/middleware/debug_exceptions.rb:28:in `call'
web-console (4.2.1) lib/web_console/middleware.rb:132:in `call_app'
web-console (4.2.1) lib/web_console/middleware.rb:28:in `block in call'
web-console (4.2.1) lib/web_console/middleware.rb:17:in `catch'
web-console (4.2.1) lib/web_console/middleware.rb:17:in `call'
actionpack (7.0.10) lib/action_dispatch/middleware/show_exceptions.rb:29:in `call'
railties (7.0.10) lib/rails/rack/logger.rb:40:in `call_app'
railties (7.0.10) lib/rails/rack/logger.rb:25:in `block in call'
activesupport (7.0.10) lib/active_support/tagged_logging.rb:99:in `block in tagged'
activesupport (7.0.10) lib/active_support/tagged_logging.rb:37:in `tagged'
activesupport (7.0.10) lib/active_support/tagged_logging.rb:99:in `tagged'
railties (7.0.10) lib/rails/rack/logger.rb:25:in `call'
actionpack (7.0.10) lib/action_dispatch/middleware/remote_ip.rb:93:in `call'
actionpack (7.0.10) lib/action_dispatch/middleware/request_id.rb:26:in `call'
rack (2.2.23) lib/rack/method_override.rb:24:in `call'
rack (2.2.23) lib/rack/runtime.rb:22:in `call'
actionpack (7.0.10) lib/action_dispatch/middleware/executor.rb:14:in `call'
actionpack (7.0.10) lib/action_dispatch/middleware/static.rb:23:in `call'
rack (2.2.23) lib/rack/sendfile.rb:127:in `call'
actionpack (7.0.10) lib/action_dispatch/middleware/host_authorization.rb:138:in `call'
railties (7.0.10) lib/rails/engine.rb:531:in `call'
puma (5.6.9) lib/puma/configuration.rb:252:in `call'
puma (5.6.9) lib/puma/request.rb:77:in `block in handle_request'
puma (5.6.9) lib/puma/thread_pool.rb:340:in `with_force_shutdown'
puma (5.6.9) lib/puma/request.rb:76:in `handle_request'
puma (5.6.9) lib/puma/server.rb:443:in `process_client'
puma (5.6.9) lib/puma/thread_pool.rb:147:in `block in spawn_thread'
Started GET "/" for 127.0.0.1 at 2026-05-29 13:57:47 -0500
  [1m[36mActiveRecord::SchemaMigration Pluck (0.2ms)[0m  [1m[34mSELECT "schema_migrations"."version" FROM "schema_migrations" ORDER BY "schema_migrations"."version" ASC[0m
  [1m[36mCACHE ActiveRecord::SchemaMigration Pluck (0.0ms)[0m  [1m[34mSELECT "schema_migrations"."version" FROM "schema_migrations" ORDER BY "schema_migrations"."version" ASC[0m
  
ActiveRecord::PendingMigrationError (

Migrations are pending. To resolve this issue, run:

        bin/rails db:migrate RAILS_ENV=development

You have 1 pending migration:

1780079121864_customers.rb


):
  
activerecord (7.0.10) lib/active_record/migration.rb:663:in `check_pending!'
activerecord (7.0.10) lib/active_record/migration.rb:628:in `block (2 levels) in call'
activesupport (7.0.10) lib/active_support/file_update_checker.rb:83:in `execute'
activerecord (7.0.10) lib/active_record/migration.rb:633:in `block in call'
activerecord (7.0.10) lib/active_record/migration.rb:625:in `synchronize'
activerecord (7.0.10) lib/active_record/migration.rb:625:in `call'
actionpack (7.0.10) lib/action_dispatch/middleware/callbacks.rb:27:in `block in call'
activesupport (7.0.10) lib/active_support/callbacks.rb:99:in `run_callbacks'
actionpack (7.0.10) lib/action_dispatch/middleware/callbacks.rb:26:in `call'
actionpack (7.0.10) lib/action_dispatch/middleware/executor.rb:14:in `call'
actionpack (7.0.10) lib/action_dispatch/middleware/actionable_exceptions.rb:17:in `call'
actionpack (7.0.10) lib/action_dispatch/middleware/debug_exceptions.rb:28:in `call'
web-console (4.2.1) lib/web_console/middleware.rb:132:in `call_app'
web-console (4.2.1) lib/web_console/middleware.rb:28:in `block in call'
web-console (4.2.1) lib/web_console/middleware.rb:17:in `catch'
web-console (4.2.1) lib/web_console/middleware.rb:17:in `call'
actionpack (7.0.10) lib/action_dispatch/middleware/show_exceptions.rb:29:in `call'
railties (7.0.10) lib/rails/rack/logger.rb:40:in `call_app'
railties (7.0.10) lib/rails/rack/logger.rb:25:in `block in call'
activesupport (7.0.10) lib/active_support/tagged_logging.rb:99:in `block in tagged'
activesupport (7.0.10) lib/active_support/tagged_logging.rb:37:in `tagged'
activesupport (7.0.10) lib/active_support/tagged_logging.rb:99:in `tagged'
railties (7.0.10) lib/rails/rack/logger.rb:25:in `call'
actionpack (7.0.10) lib/action_dispatch/middleware/remote_ip.rb:93:in `call'
actionpack (7.0.10) lib/action_dispatch/middleware/request_id.rb:26:in `call'
rack (2.2.23) lib/rack/method_override.rb:24:in `call'
rack (2.2.23) lib/rack/runtime.rb:22:in `call'
actionpack (7.0.10) lib/action_dispatch/middleware/executor.rb:14:in `call'
actionpack (7.0.10) lib/action_dispatch/middleware/static.rb:23:in `call'
rack (2.2.23) lib/rack/sendfile.rb:127:in `call'
actionpack (7.0.10) lib/action_dispatch/middleware/host_authorization.rb:138:in `call'
railties (7.0.10) lib/rails/engine.rb:531:in `call'
puma (5.6.9) lib/puma/configuration.rb:252:in `call'
puma (5.6.9) lib/puma/request.rb:77:in `block in handle_request'
puma (5.6.9) lib/puma/thread_pool.rb:340:in `with_force_shutdown'
puma (5.6.9) lib/puma/request.rb:76:in `handle_request'
puma (5.6.9) lib/puma/server.rb:443:in `process_client'
puma (5.6.9) lib/puma/thread_pool.rb:147:in `block in spawn_thread'
Started GET "/favicon.ico" for 127.0.0.1 at 2026-05-29 13:57:47 -0500
  [1m[36mActiveRecord::SchemaMigration Pluck (0.2ms)[0m  [1m[34mSELECT "schema_migrations"."version" FROM "schema_migrations" ORDER BY "schema_migrations"."version" ASC[0m
  [1m[36mCACHE ActiveRecord::SchemaMigration Pluck (0.0ms)[0m  [1m[34mSELECT "schema_migrations"."version" FROM "schema_migrations" ORDER BY "schema_migrations"."version" ASC[0m
  
ActiveRecord::PendingMigrationError (

Migrations are pending. To resolve this issue, run:

        bin/rails db:migrate RAILS_ENV=development

You have 1 pending migration:

1780079121864_customers.rb


):
  
activerecord (7.0.10) lib/active_record/migration.rb:663:in `check_pending!'
activerecord (7.0.10) lib/active_record/migration.rb:628:in `block (2 levels) in call'
activesupport (7.0.10) lib/active_support/file_update_checker.rb:83:in `execute'
activerecord (7.0.10) lib/active_record/migration.rb:633:in `block in call'
activerecord (7.0.10) lib/active_record/migration.rb:625:in `synchronize'
activerecord (7.0.10) lib/active_record/migration.rb:625:in `call'
actionpack (7.0.10) lib/action_dispatch/middleware/callbacks.rb:27:in `block in call'
activesupport (7.0.10) lib/active_support/callbacks.rb:99:in `run_callbacks'
actionpack (7.0.10) lib/action_dispatch/middleware/callbacks.rb:26:in `call'
actionpack (7.0.10) lib/action_dispatch/middleware/executor.rb:14:in `call'
actionpack (7.0.10) lib/action_dispatch/middleware/actionable_exceptions.rb:17:in `call'
actionpack (7.0.10) lib/action_dispatch/middleware/debug_exceptions.rb:28:in `call'
web-console (4.2.1) lib/web_console/middleware.rb:132:in `call_app'
web-console (4.2.1) lib/web_console/middleware.rb:28:in `block in call'
web-console (4.2.1) lib/web_console/middleware.rb:17:in `catch'
web-console (4.2.1) lib/web_console/middleware.rb:17:in `call'
actionpack (7.0.10) lib/action_dispatch/middleware/show_exceptions.rb:29:in `call'
railties (7.0.10) lib/rails/rack/logger.rb:40:in `call_app'
railties (7.0.10) lib/rails/rack/logger.rb:25:in `block in call'
activesupport (7.0.10) lib/active_support/tagged_logging.rb:99:in `block in tagged'
activesupport (7.0.10) lib/active_support/tagged_logging.rb:37:in `tagged'
activesupport (7.0.10) lib/active_support/tagged_logging.rb:99:in `tagged'
railties (7.0.10) lib/rails/rack/logger.rb:25:in `call'
actionpack (7.0.10) lib/action_dispatch/middleware/remote_ip.rb:93:in `call'
actionpack (7.0.10) lib/action_dispatch/middleware/request_id.rb:26:in `call'
rack (2.2.23) lib/rack/method_override.rb:24:in `call'
rack (2.2.23) lib/rack/runtime.rb:22:in `call'
actionpack (7.0.10) lib/action_dispatch/middleware/executor.rb:14:in `call'
actionpack (7.0.10) lib/action_dispatch/middleware/static.rb:23:in `call'
rack (2.2.23) lib/rack/sendfile.rb:127:in `call'
actionpack (7.0.10) lib/action_dispatch/middleware/host_authorization.rb:138:in `call'
railties (7.0.10) lib/rails/engine.rb:531:in `call'
puma (5.6.9) lib/puma/configuration.rb:252:in `call'
puma (5.6.9) lib/puma/request.rb:77:in `block in handle_request'
puma (5.6.9) lib/puma/thread_pool.rb:340:in `with_force_shutdown'
puma (5.6.9) lib/puma/request.rb:76:in `handle_request'
puma (5.6.9) lib/puma/server.rb:443:in `process_client'
puma (5.6.9) lib/puma/thread_pool.rb:147:in `block in spawn_thread'
Started GET "/" for 127.0.0.1 at 2026-05-29 13:57:48 -0500
  [1m[36mActiveRecord::SchemaMigration Pluck (0.2ms)[0m  [1m[34mSELECT "schema_migrations"."version" FROM "schema_migrations" ORDER BY "schema_migrations"."version" ASC[0m
  [1m[36mCACHE ActiveRecord::SchemaMigration Pluck (0.0ms)[0m  [1m[34mSELECT "schema_migrations"."version" FROM "schema_migrations" ORDER BY "schema_migrations"."version" ASC[0m
  
ActiveRecord::PendingMigrationError (

Migrations are pending. To resolve this issue, run:

        bin/rails db:migrate RAILS_ENV=development

You have 1 pending migration:

1780079121864_customers.rb


):
  
activerecord (7.0.10) lib/active_record/migration.rb:663:in `check_pending!'
activerecord (7.0.10) lib/active_record/migration.rb:628:in `block (2 levels) in call'
activesupport (7.0.10) lib/active_support/file_update_checker.rb:83:in `execute'
activerecord (7.0.10) lib/active_record/migration.rb:633:in `block in call'
activerecord (7.0.10) lib/active_record/migration.rb:625:in `synchronize'
activerecord (7.0.10) lib/active_record/migration.rb:625:in `call'
actionpack (7.0.10) lib/action_dispatch/middleware/callbacks.rb:27:in `block in call'
activesupport (7.0.10) lib/active_support/callbacks.rb:99:in `run_callbacks'
actionpack (7.0.10) lib/action_dispatch/middleware/callbacks.rb:26:in `call'
actionpack (7.0.10) lib/action_dispatch/middleware/executor.rb:14:in `call'
actionpack (7.0.10) lib/action_dispatch/middleware/actionable_exceptions.rb:17:in `call'
actionpack (7.0.10) lib/action_dispatch/middleware/debug_exceptions.rb:28:in `call'
web-console (4.2.1) lib/web_console/middleware.rb:132:in `call_app'
web-console (4.2.1) lib/web_console/middleware.rb:28:in `block in call'
web-console (4.2.1) lib/web_console/middleware.rb:17:in `catch'
web-console (4.2.1) lib/web_console/middleware.rb:17:in `call'
actionpack (7.0.10) lib/action_dispatch/middleware/show_exceptions.rb:29:in `call'
railties (7.0.10) lib/rails/rack/logger.rb:40:in `call_app'
railties (7.0.10) lib/rails/rack/logger.rb:25:in `block in call'
activesupport (7.0.10) lib/active_support/tagged_logging.rb:99:in `block in tagged'
activesupport (7.0.10) lib/active_support/tagged_logging.rb:37:in `tagged'
activesupport (7.0.10) lib/active_support/tagged_logging.rb:99:in `tagged'
railties (7.0.10) lib/rails/rack/logger.rb:25:in `call'
actionpack (7.0.10) lib/action_dispatch/middleware/remote_ip.rb:93:in `call'
actionpack (7.0.10) lib/action_dispatch/middleware/request_id.rb:26:in `call'
rack (2.2.23) lib/rack/method_override.rb:24:in `call'
rack (2.2.23) lib/rack/runtime.rb:22:in `call'
actionpack (7.0.10) lib/action_dispatch/middleware/executor.rb:14:in `call'
actionpack (7.0.10) lib/action_dispatch/middleware/static.rb:23:in `call'
rack (2.2.23) lib/rack/sendfile.rb:127:in `call'
actionpack (7.0.10) lib/action_dispatch/middleware/host_authorization.rb:138:in `call'
railties (7.0.10) lib/rails/engine.rb:531:in `call'
puma (5.6.9) lib/puma/configuration.rb:252:in `call'
puma (5.6.9) lib/puma/request.rb:77:in `block in handle_request'
puma (5.6.9) lib/puma/thread_pool.rb:340:in `with_force_shutdown'
puma (5.6.9) lib/puma/request.rb:76:in `handle_request'
puma (5.6.9) lib/puma/server.rb:443:in `process_client'
puma (5.6.9) lib/puma/thread_pool.rb:147:in `block in spawn_thread'
Started GET "/favicon.ico" for 127.0.0.1 at 2026-05-29 13:57:48 -0500
  [1m[36mActiveRecord::SchemaMigration Pluck (0.1ms)[0m  [1m[34mSELECT "schema_migrations"."version" FROM "schema_migrations" ORDER BY "schema_migrations"."version" ASC[0m
  [1m[36mCACHE ActiveRecord::SchemaMigration Pluck (0.0ms)[0m  [1m[34mSELECT "schema_migrations"."version" FROM "schema_migrations" ORDER BY "schema_migrations"."version" ASC[0m
  
ActiveRecord::PendingMigrationError (

Migrations are pending. To resolve this issue, run:

        bin/rails db:migrate RAILS_ENV=development

You have 1 pending migration:

1780079121864_customers.rb


):
  
activerecord (7.0.10) lib/active_record/migration.rb:663:in `check_pending!'
activerecord (7.0.10) lib/active_record/migration.rb:628:in `block (2 levels) in call'
activesupport (7.0.10) lib/active_support/file_update_checker.rb:83:in `execute'
activerecord (7.0.10) lib/active_record/migration.rb:633:in `block in call'
activerecord (7.0.10) lib/active_record/migration.rb:625:in `synchronize'
activerecord (7.0.10) lib/active_record/migration.rb:625:in `call'
actionpack (7.0.10) lib/action_dispatch/middleware/callbacks.rb:27:in `block in call'
activesupport (7.0.10) lib/active_support/callbacks.rb:99:in `run_callbacks'
actionpack (7.0.10) lib/action_dispatch/middleware/callbacks.rb:26:in `call'
actionpack (7.0.10) lib/action_dispatch/middleware/executor.rb:14:in `call'
actionpack (7.0.10) lib/action_dispatch/middleware/actionable_exceptions.rb:17:in `call'
actionpack (7.0.10) lib/action_dispatch/middleware/debug_exceptions.rb:28:in `call'
web-console (4.2.1) lib/web_console/middleware.rb:132:in `call_app'
web-console (4.2.1) lib/web_console/middleware.rb:28:in `block in call'
web-console (4.2.1) lib/web_console/middleware.rb:17:in `catch'
web-console (4.2.1) lib/web_console/middleware.rb:17:in `call'
actionpack (7.0.10) lib/action_dispatch/middleware/show_exceptions.rb:29:in `call'
railties (7.0.10) lib/rails/rack/logger.rb:40:in `call_app'
railties (7.0.10) lib/rails/rack/logger.rb:25:in `block in call'
activesupport (7.0.10) lib/active_support/tagged_logging.rb:99:in `block in tagged'
activesupport (7.0.10) lib/active_support/tagged_logging.rb:37:in `tagged'
activesupport (7.0.10) lib/active_support/tagged_logging.rb:99:in `tagged'
railties (7.0.10) lib/rails/rack/logger.rb:25:in `call'
actionpack (7.0.10) lib/action_dispatch/middleware/remote_ip.rb:93:in `call'
actionpack (7.0.10) lib/action_dispatch/middleware/request_id.rb:26:in `call'
rack (2.2.23) lib/rack/method_override.rb:24:in `call'
rack (2.2.23) lib/rack/runtime.rb:22:in `call'
actionpack (7.0.10) lib/action_dispatch/middleware/executor.rb:14:in `call'
actionpack (7.0.10) lib/action_dispatch/middleware/static.rb:23:in `call'
rack (2.2.23) lib/rack/sendfile.rb:127:in `call'
actionpack (7.0.10) lib/action_dispatch/middleware/host_authorization.rb:138:in `call'
railties (7.0.10) lib/rails/engine.rb:531:in `call'
puma (5.6.9) lib/puma/configuration.rb:252:in `call'
puma (5.6.9) lib/puma/request.rb:77:in `block in handle_request'
puma (5.6.9) lib/puma/thread_pool.rb:340:in `with_force_shutdown'
puma (5.6.9) lib/puma/request.rb:76:in `handle_request'
puma (5.6.9) lib/puma/server.rb:443:in `process_client'
puma (5.6.9) lib/puma/thread_pool.rb:147:in `block in spawn_thread'
Started GET "/" for 127.0.0.1 at 2026-05-29 13:57:50 -0500
  [1m[36mActiveRecord::SchemaMigration Pluck (0.3ms)[0m  [1m[34mSELECT "schema_migrations"."version" FROM "schema_migrations" ORDER BY "schema_migrations"."version" ASC[0m
  [1m[36mCACHE ActiveRecord::SchemaMigration Pluck (0.0ms)[0m  [1m[34mSELECT "schema_migrations"."version" FROM "schema_migrations" ORDER BY "schema_migrations"."version" ASC[0m
  
ActiveRecord::PendingMigrationError (

Migrations are pending. To resolve this issue, run:

        bin/rails db:migrate RAILS_ENV=development

You have 1 pending migration:

1780079121864_customers.rb


):
  
activerecord (7.0.10) lib/active_record/migration.rb:663:in `check_pending!'
activerecord (7.0.10) lib/active_record/migration.rb:628:in `block (2 levels) in call'
activesupport (7.0.10) lib/active_support/file_update_checker.rb:83:in `execute'
activerecord (7.0.10) lib/active_record/migration.rb:633:in `block in call'
activerecord (7.0.10) lib/active_record/migration.rb:625:in `synchronize'
activerecord (7.0.10) lib/active_record/migration.rb:625:in `call'
actionpack (7.0.10) lib/action_dispatch/middleware/callbacks.rb:27:in `block in call'
activesupport (7.0.10) lib/active_support/callbacks.rb:99:in `run_callbacks'
actionpack (7.0.10) lib/action_dispatch/middleware/callbacks.rb:26:in `call'
actionpack (7.0.10) lib/action_dispatch/middleware/executor.rb:14:in `call'
actionpack (7.0.10) lib/action_dispatch/middleware/actionable_exceptions.rb:17:in `call'
actionpack (7.0.10) lib/action_dispatch/middleware/debug_exceptions.rb:28:in `call'
web-console (4.2.1) lib/web_console/middleware.rb:132:in `call_app'
web-console (4.2.1) lib/web_console/middleware.rb:28:in `block in call'
web-console (4.2.1) lib/web_console/middleware.rb:17:in `catch'
web-console (4.2.1) lib/web_console/middleware.rb:17:in `call'
actionpack (7.0.10) lib/action_dispatch/middleware/show_exceptions.rb:29:in `call'
railties (7.0.10) lib/rails/rack/logger.rb:40:in `call_app'
railties (7.0.10) lib/rails/rack/logger.rb:25:in `block in call'
activesupport (7.0.10) lib/active_support/tagged_logging.rb:99:in `block in tagged'
activesupport (7.0.10) lib/active_support/tagged_logging.rb:37:in `tagged'
activesupport (7.0.10) lib/active_support/tagged_logging.rb:99:in `tagged'
railties (7.0.10) lib/rails/rack/logger.rb:25:in `call'
actionpack (7.0.10) lib/action_dispatch/middleware/remote_ip.rb:93:in `call'
actionpack (7.0.10) lib/action_dispatch/middleware/request_id.rb:26:in `call'
rack (2.2.23) lib/rack/method_override.rb:24:in `call'
rack (2.2.23) lib/rack/runtime.rb:22:in `call'
actionpack (7.0.10) lib/action_dispatch/middleware/executor.rb:14:in `call'
actionpack (7.0.10) lib/action_dispatch/middleware/static.rb:23:in `call'
rack (2.2.23) lib/rack/sendfile.rb:127:in `call'
actionpack (7.0.10) lib/action_dispatch/middleware/host_authorization.rb:138:in `call'
railties (7.0.10) lib/rails/engine.rb:531:in `call'
puma (5.6.9) lib/puma/configuration.rb:252:in `call'
puma (5.6.9) lib/puma/request.rb:77:in `block in handle_request'
puma (5.6.9) lib/puma/thread_pool.rb:340:in `with_force_shutdown'
puma (5.6.9) lib/puma/request.rb:76:in `handle_request'
puma (5.6.9) lib/puma/server.rb:443:in `process_client'
puma (5.6.9) lib/puma/thread_pool.rb:147:in `block in spawn_thread'
Started GET "/" for 127.0.0.1 at 2026-05-29 13:59:25 -0500
  [1m[36mActiveRecord::SchemaMigration Pluck (0.5ms)[0m  [1m[34mSELECT "schema_migrations"."version" FROM "schema_migrations" ORDER BY "schema_migrations"."version" ASC[0m
  [1m[36mCACHE ActiveRecord::SchemaMigration Pluck (0.0ms)[0m  [1m[34mSELECT "schema_migrations"."version" FROM "schema_migrations" ORDER BY "schema_migrations"."version" ASC[0m
  
ActiveRecord::PendingMigrationError (

Migrations are pending. To resolve this issue, run:

        bin/rails db:migrate RAILS_ENV=development

You have 1 pending migration:

1780079121864_customers.rb


):
  
activerecord (7.0.10) lib/active_record/migration.rb:663:in `check_pending!'
activerecord (7.0.10) lib/active_record/migration.rb:628:in `block (2 levels) in call'
activesupport (7.0.10) lib/active_support/file_update_checker.rb:83:in `execute'
activerecord (7.0.10) lib/active_record/migration.rb:633:in `block in call'
activerecord (7.0.10) lib/active_record/migration.rb:625:in `synchronize'
activerecord (7.0.10) lib/active_record/migration.rb:625:in `call'
actionpack (7.0.10) lib/action_dispatch/middleware/callbacks.rb:27:in `block in call'
activesupport (7.0.10) lib/active_support/callbacks.rb:99:in `run_callbacks'
actionpack (7.0.10) lib/action_dispatch/middleware/callbacks.rb:26:in `call'
actionpack (7.0.10) lib/action_dispatch/middleware/executor.rb:14:in `call'
actionpack (7.0.10) lib/action_dispatch/middleware/actionable_exceptions.rb:17:in `call'
actionpack (7.0.10) lib/action_dispatch/middleware/debug_exceptions.rb:28:in `call'
web-console (4.2.1) lib/web_console/middleware.rb:132:in `call_app'
web-console (4.2.1) lib/web_console/middleware.rb:28:in `block in call'
web-console (4.2.1) lib/web_console/middleware.rb:17:in `catch'
web-console (4.2.1) lib/web_console/middleware.rb:17:in `call'
actionpack (7.0.10) lib/action_dispatch/middleware/show_exceptions.rb:29:in `call'
railties (7.0.10) lib/rails/rack/logger.rb:40:in `call_app'
railties (7.0.10) lib/rails/rack/logger.rb:25:in `block in call'
activesupport (7.0.10) lib/active_support/tagged_logging.rb:99:in `block in tagged'
activesupport (7.0.10) lib/active_support/tagged_logging.rb:37:in `tagged'
activesupport (7.0.10) lib/active_support/tagged_logging.rb:99:in `tagged'
railties (7.0.10) lib/rails/rack/logger.rb:25:in `call'
actionpack (7.0.10) lib/action_dispatch/middleware/remote_ip.rb:93:in `call'
actionpack (7.0.10) lib/action_dispatch/middleware/request_id.rb:26:in `call'
rack (2.2.23) lib/rack/method_override.rb:24:in `call'
rack (2.2.23) lib/rack/runtime.rb:22:in `call'
actionpack (7.0.10) lib/action_dispatch/middleware/executor.rb:14:in `call'
actionpack (7.0.10) lib/action_dispatch/middleware/static.rb:23:in `call'
rack (2.2.23) lib/rack/sendfile.rb:127:in `call'
actionpack (7.0.10) lib/action_dispatch/middleware/host_authorization.rb:138:in `call'
railties (7.0.10) lib/rails/engine.rb:531:in `call'
puma (5.6.9) lib/puma/configuration.rb:252:in `call'
puma (5.6.9) lib/puma/request.rb:77:in `block in handle_request'
puma (5.6.9) lib/puma/thread_pool.rb:340:in `with_force_shutdown'
puma (5.6.9) lib/puma/request.rb:76:in `handle_request'
puma (5.6.9) lib/puma/server.rb:443:in `process_client'
puma (5.6.9) lib/puma/thread_pool.rb:147:in `block in spawn_thread'
Started GET "/favicon.ico" for 127.0.0.1 at 2026-05-29 13:59:25 -0500
  [1m[36mActiveRecord::SchemaMigration Pluck (0.2ms)[0m  [1m[34mSELECT "schema_migrations"."version" FROM "schema_migrations" ORDER BY "schema_migrations"."version" ASC[0m
  [1m[36mCACHE ActiveRecord::SchemaMigration Pluck (0.0ms)[0m  [1m[34mSELECT "schema_migrations"."version" FROM "schema_migrations" ORDER BY "schema_migrations"."version" ASC[0m
  
ActiveRecord::PendingMigrationError (

Migrations are pending. To resolve this issue, run:

        bin/rails db:migrate RAILS_ENV=development

You have 1 pending migration:

1780079121864_customers.rb


):
  
activerecord (7.0.10) lib/active_record/migration.rb:663:in `check_pending!'
activerecord (7.0.10) lib/active_record/migration.rb:628:in `block (2 levels) in call'
activesupport (7.0.10) lib/active_support/file_update_checker.rb:83:in `execute'
activerecord (7.0.10) lib/active_record/migration.rb:633:in `block in call'
activerecord (7.0.10) lib/active_record/migration.rb:625:in `synchronize'
activerecord (7.0.10) lib/active_record/migration.rb:625:in `call'
actionpack (7.0.10) lib/action_dispatch/middleware/callbacks.rb:27:in `block in call'
activesupport (7.0.10) lib/active_support/callbacks.rb:99:in `run_callbacks'
actionpack (7.0.10) lib/action_dispatch/middleware/callbacks.rb:26:in `call'
actionpack (7.0.10) lib/action_dispatch/middleware/executor.rb:14:in `call'
actionpack (7.0.10) lib/action_dispatch/middleware/actionable_exceptions.rb:17:in `call'
actionpack (7.0.10) lib/action_dispatch/middleware/debug_exceptions.rb:28:in `call'
web-console (4.2.1) lib/web_console/middleware.rb:132:in `call_app'
web-console (4.2.1) lib/web_console/middleware.rb:28:in `block in call'
web-console (4.2.1) lib/web_console/middleware.rb:17:in `catch'
web-console (4.2.1) lib/web_console/middleware.rb:17:in `call'
actionpack (7.0.10) lib/action_dispatch/middleware/show_exceptions.rb:29:in `call'
railties (7.0.10) lib/rails/rack/logger.rb:40:in `call_app'
railties (7.0.10) lib/rails/rack/logger.rb:25:in `block in call'
activesupport (7.0.10) lib/active_support/tagged_logging.rb:99:in `block in tagged'
activesupport (7.0.10) lib/active_support/tagged_logging.rb:37:in `tagged'
activesupport (7.0.10) lib/active_support/tagged_logging.rb:99:in `tagged'
railties (7.0.10) lib/rails/rack/logger.rb:25:in `call'
actionpack (7.0.10) lib/action_dispatch/middleware/remote_ip.rb:93:in `call'
actionpack (7.0.10) lib/action_dispatch/middleware/request_id.rb:26:in `call'
rack (2.2.23) lib/rack/method_override.rb:24:in `call'
rack (2.2.23) lib/rack/runtime.rb:22:in `call'
actionpack (7.0.10) lib/action_dispatch/middleware/executor.rb:14:in `call'
actionpack (7.0.10) lib/action_dispatch/middleware/static.rb:23:in `call'
rack (2.2.23) lib/rack/sendfile.rb:127:in `call'
actionpack (7.0.10) lib/action_dispatch/middleware/host_authorization.rb:138:in `call'
railties (7.0.10) lib/rails/engine.rb:531:in `call'
puma (5.6.9) lib/puma/configuration.rb:252:in `call'
puma (5.6.9) lib/puma/request.rb:77:in `block in handle_request'
puma (5.6.9) lib/puma/thread_pool.rb:340:in `with_force_shutdown'
puma (5.6.9) lib/puma/request.rb:76:in `handle_request'
puma (5.6.9) lib/puma/server.rb:443:in `process_client'
puma (5.6.9) lib/puma/thread_pool.rb:147:in `block in spawn_thread'
Started GET "/" for 127.0.0.1 at 2026-05-29 13:59:47 -0500
  [1m[36mActiveRecord::SchemaMigration Pluck (0.4ms)[0m  [1m[34mSELECT "schema_migrations"."version" FROM "schema_migrations" ORDER BY "schema_migrations"."version" ASC[0m
Processing by Rails::WelcomeController#index as HTML
  Rendering /Users/eejai42/.rbenv/versions/3.2.0/lib/ruby/gems/3.2.0/gems/railties-7.0.10/lib/rails/templates/rails/welcome/index.html.erb
  Rendered /Users/eejai42/.rbenv/versions/3.2.0/lib/ruby/gems/3.2.0/gems/railties-7.0.10/lib/rails/templates/rails/welcome/index.html.erb (Duration: 0.5ms | Allocations: 552)
Completed 200 OK in 5ms (Views: 1.5ms | ActiveRecord: 0.0ms | Allocations: 6018)


Started GET "/" for 127.0.0.1 at 2026-05-29 13:59:49 -0500
Processing by Rails::WelcomeController#index as */*
  Rendering /Users/eejai42/.rbenv/versions/3.2.0/lib/ruby/gems/3.2.0/gems/railties-7.0.10/lib/rails/templates/rails/welcome/index.html.erb
  Rendered /Users/eejai42/.rbenv/versions/3.2.0/lib/ruby/gems/3.2.0/gems/railties-7.0.10/lib/rails/templates/rails/welcome/index.html.erb (Duration: 0.5ms | Allocations: 251)
Completed 200 OK in 2ms (Views: 1.0ms | ActiveRecord: 0.0ms | Allocations: 847)


Started GET "/customers" for 127.0.0.1 at 2026-05-29 14:00:08 -0500
  
ActionController::RoutingError (No route matches [GET] "/customers"):
  
Started GET "/favicon.ico" for 127.0.0.1 at 2026-05-29 14:00:09 -0500
  
ActionController::RoutingError (No route matches [GET] "/favicon.ico"):
  
Started GET "/" for 127.0.0.1 at 2026-05-29 14:00:55 -0500
  [1m[36mActiveRecord::SchemaMigration Pluck (0.5ms)[0m  [1m[34mSELECT "schema_migrations"."version" FROM "schema_migrations" ORDER BY "schema_migrations"."version" ASC[0m
  
ActionController::RoutingError (uninitialized constant CustomersController):
  
Started GET "/" for 127.0.0.1 at 2026-05-29 14:00:55 -0500
  
ActionController::RoutingError (uninitialized constant CustomersController):
  
Started GET "/" for 127.0.0.1 at 2026-05-29 14:01:01 -0500
  
ActionController::RoutingError (uninitialized constant CustomersController):
  
Started GET "/" for 127.0.0.1 at 2026-05-29 14:01:17 -0500
  [1m[36mActiveRecord::SchemaMigration Pluck (0.4ms)[0m  [1m[34mSELECT "schema_migrations"."version" FROM "schema_migrations" ORDER BY "schema_migrations"."version" ASC[0m
  
NameError (uninitialized constant ApplicationController):
  
app/controllers/customers_controller.rb:1:in `<top (required)>'
Started GET "/" for 127.0.0.1 at 2026-05-29 14:01:17 -0500
  
NameError (uninitialized constant ApplicationController):
  
app/controllers/customers_controller.rb:1:in `<top (required)>'
Started GET "/" for 127.0.0.1 at 2026-05-29 14:01:25 -0500
  
NameError (uninitialized constant ApplicationController):
  
app/controllers/customers_controller.rb:1:in `<top (required)>'
Started GET "/" for 127.0.0.1 at 2026-05-29 14:01:40 -0500
  [1m[36mActiveRecord::SchemaMigration Pluck (0.5ms)[0m  [1m[34mSELECT "schema_migrations"."version" FROM "schema_migrations" ORDER BY "schema_migrations"."version" ASC[0m
Processing by CustomersController#index as HTML
Completed 500 Internal Server Error in 2ms (ActiveRecord: 0.0ms | Allocations: 1672)


  
NameError (uninitialized constant CustomersController::Customers):
  
app/controllers/customers_controller.rb:3:in `index'
Started GET "/" for 127.0.0.1 at 2026-05-29 14:01:41 -0500
Processing by CustomersController#index as */*
Completed 500 Internal Server Error in 0ms (ActiveRecord: 0.0ms | Allocations: 404)


  
NameError (uninitialized constant CustomersController::Customers):
  
app/controllers/customers_controller.rb:3:in `index'
Started GET "/" for 127.0.0.1 at 2026-05-29 14:03:20 -0500
Processing by CustomersController#index as HTML
Completed 500 Internal Server Error in 0ms (ActiveRecord: 0.0ms | Allocations: 400)


  
NameError (uninitialized constant CustomersController::Customers):
  
app/controllers/customers_controller.rb:3:in `index'
Started GET "/" for 127.0.0.1 at 2026-05-29 14:03:26 -0500
  [1m[36mActiveRecord::SchemaMigration Pluck (0.6ms)[0m  [1m[34mSELECT "schema_migrations"."version" FROM "schema_migrations" ORDER BY "schema_migrations"."version" ASC[0m
Processing by CustomersController#index as HTML
Completed 500 Internal Server Error in 1ms (ActiveRecord: 0.0ms | Allocations: 1672)


  
NameError (uninitialized constant CustomersController::Customers):
  
app/controllers/customers_controller.rb:3:in `index'
Started GET "/" for 127.0.0.1 at 2026-05-29 14:03:26 -0500
Processing by CustomersController#index as HTML
Completed 500 Internal Server Error in 0ms (ActiveRecord: 0.0ms | Allocations: 397)


  
NameError (uninitialized constant CustomersController::Customers):
  
app/controllers/customers_controller.rb:3:in `index'
Started GET "/" for 127.0.0.1 at 2026-05-29 14:03:26 -0500
Processing by CustomersController#index as HTML
Completed 500 Internal Server Error in 0ms (ActiveRecord: 0.0ms | Allocations: 400)


  
NameError (uninitialized constant CustomersController::Customers):
  
app/controllers/customers_controller.rb:3:in `index'
Started GET "/" for 127.0.0.1 at 2026-05-29 14:03:28 -0500
Processing by CustomersController#index as HTML
Completed 500 Internal Server Error in 0ms (ActiveRecord: 0.0ms | Allocations: 399)


  
NameError (uninitialized constant CustomersController::Customers):
  
app/controllers/customers_controller.rb:3:in `index'
Started GET "/" for 127.0.0.1 at 2026-05-29 14:03:51 -0500
  [1m[36mActiveRecord::SchemaMigration Pluck (0.6ms)[0m  [1m[34mSELECT "schema_migrations"."version" FROM "schema_migrations" ORDER BY "schema_migrations"."version" ASC[0m
Processing by CustomersController#index as HTML
Completed 500 Internal Server Error in 4ms (ActiveRecord: 0.0ms | Allocations: 1672)


  
NameError (uninitialized constant CustomersController::Customer):
  
app/controllers/customers_controller.rb:3:in `index'
Started GET "/" for 127.0.0.1 at 2026-05-29 14:03:54 -0500
Processing by CustomersController#index as */*
Completed 500 Internal Server Error in 0ms (ActiveRecord: 0.0ms | Allocations: 404)


  
NameError (uninitialized constant CustomersController::Customer):
  
app/controllers/customers_controller.rb:3:in `index'
Started GET "/customers" for 127.0.0.1 at 2026-05-29 14:03:57 -0500
Processing by CustomersController#index as HTML
Completed 500 Internal Server Error in 0ms (ActiveRecord: 0.0ms | Allocations: 399)


  
NameError (uninitialized constant CustomersController::Customer):
  
app/controllers/customers_controller.rb:3:in `index'
Started GET "/" for 127.0.0.1 at 2026-05-29 14:04:01 -0500
Processing by CustomersController#index as */*
Completed 500 Internal Server Error in 0ms (ActiveRecord: 0.0ms | Allocations: 401)


  
NameError (uninitialized constant CustomersController::Customer):
  
app/controllers/customers_controller.rb:3:in `index'
Started GET "/" for 127.0.0.1 at 2026-05-29 14:05:33 -0500
  [1m[36mActiveRecord::SchemaMigration Pluck (0.5ms)[0m  [1m[34mSELECT "schema_migrations"."version" FROM "schema_migrations" ORDER BY "schema_migrations"."version" ASC[0m
Processing by CustomersController#index as HTML
Completed 500 Internal Server Error in 4ms (ActiveRecord: 0.0ms | Allocations: 1726)


  
NameError (uninitialized constant ApplicationRecord):
  
app/models/customer.rb:1:in `<top (required)>'
app/controllers/customers_controller.rb:3:in `index'
Started GET "/" for 127.0.0.1 at 2026-05-29 14:05:35 -0500
Processing by CustomersController#index as HTML
Completed 500 Internal Server Error in 0ms (ActiveRecord: 0.0ms | Allocations: 452)


  
NameError (uninitialized constant ApplicationRecord):
  
app/models/customer.rb:1:in `<top (required)>'
app/controllers/customers_controller.rb:3:in `index'
Started GET "/" for 127.0.0.1 at 2026-05-29 14:05:35 -0500
Processing by CustomersController#index as */*
Completed 500 Internal Server Error in 0ms (ActiveRecord: 0.0ms | Allocations: 697)


  
NameError (uninitialized constant ApplicationRecord):
  
app/models/customer.rb:1:in `<top (required)>'
app/controllers/customers_controller.rb:3:in `index'
Started GET "/" for 127.0.0.1 at 2026-05-29 14:05:40 -0500
Processing by CustomersController#index as */*
Completed 500 Internal Server Error in 0ms (ActiveRecord: 0.0ms | Allocations: 453)


  
NameError (uninitialized constant ApplicationRecord):
  
app/models/customer.rb:1:in `<top (required)>'
app/controllers/customers_controller.rb:3:in `index'
Started GET "/" for 127.0.0.1 at 2026-05-29 14:05:48 -0500
Processing by CustomersController#index as HTML
  Rendering layout layouts/application.html.erb
  Rendering customers/index.html.erb within layouts/application
  [1m[36mCustomer Load (0.7ms)[0m  [1m[34mSELECT "vw_customers".* FROM "vw_customers"[0m
  ↳ app/views/customers/index.html.erb:15
  Rendered customers/index.html.erb within layouts/application (Duration: 5.5ms | Allocations: 5406)
  Rendered layout layouts/application.html.erb (Duration: 5.8ms | Allocations: 5581)
Completed 200 OK in 7ms (Views: 4.3ms | ActiveRecord: 2.2ms | Allocations: 6981)


Started GET "/" for 127.0.0.1 at 2026-05-29 14:05:56 -0500
  [1m[36mActiveRecord::SchemaMigration Pluck (1.0ms)[0m  [1m[34mSELECT "schema_migrations"."version" FROM "schema_migrations" ORDER BY "schema_migrations"."version" ASC[0m
Processing by CustomersController#index as HTML
  Rendering layout layouts/application.html.erb
  Rendering customers/index.html.erb within layouts/application
  [1m[36mCustomer Load (0.9ms)[0m  [1m[34mSELECT "vw_customers".* FROM "vw_customers"[0m
  ↳ app/views/customers/index.html.erb:15
  Rendered customers/index.html.erb within layouts/application (Duration: 5.8ms | Allocations: 5690)
  Rendered layout layouts/application.html.erb (Duration: 6.2ms | Allocations: 5889)
Completed 200 OK in 12ms (Views: 4.9ms | ActiveRecord: 2.6ms | Allocations: 11995)


Started GET "/" for 127.0.0.1 at 2026-05-29 14:05:59 -0500
Processing by CustomersController#index as */*
  Rendering layout layouts/application.html.erb
  Rendering customers/index.html.erb within layouts/application
  [1m[36mCustomer Load (0.4ms)[0m  [1m[34mSELECT "vw_customers".* FROM "vw_customers"[0m
  ↳ app/views/customers/index.html.erb:15
  Rendered customers/index.html.erb within layouts/application (Duration: 1.3ms | Allocations: 676)
  Rendered layout layouts/application.html.erb (Duration: 1.4ms | Allocations: 728)
Completed 200 OK in 2ms (Views: 1.2ms | ActiveRecord: 0.4ms | Allocations: 1025)


Started GET "/" for 127.0.0.1 at 2026-05-29 14:06:35 -0500
  [1m[36mActiveRecord::SchemaMigration Pluck (0.6ms)[0m  [1m[34mSELECT "schema_migrations"."version" FROM "schema_migrations" ORDER BY "schema_migrations"."version" ASC[0m
Processing by CustomersController#index as HTML
  Rendering layout layouts/application.html.erb
  Rendering customers/index.html.erb within layouts/application
  [1m[36mCustomer Load (0.7ms)[0m  [1m[34mSELECT "vw_customers".* FROM "vw_customers"[0m
  ↳ app/views/customers/index.html.erb:15
  Rendered customers/index.html.erb within layouts/application (Duration: 6.4ms | Allocations: 5690)
  Rendered layout layouts/application.html.erb (Duration: 6.8ms | Allocations: 5889)
Completed 200 OK in 25ms (Views: 5.7ms | ActiveRecord: 2.8ms | Allocations: 11995)


Started GET "/" for 127.0.0.1 at 2026-05-29 14:06:52 -0500
Processing by CustomersController#index as HTML
  Rendering layout layouts/application.html.erb
  Rendering customers/index.html.erb within layouts/application
  [1m[36mCustomer Load (0.4ms)[0m  [1m[34mSELECT "vw_customers".* FROM "vw_customers"[0m
  ↳ app/views/customers/index.html.erb:15
  Rendered customers/index.html.erb within layouts/application (Duration: 1.0ms | Allocations: 676)
  Rendered layout layouts/application.html.erb (Duration: 1.1ms | Allocations: 728)
Completed 200 OK in 2ms (Views: 1.1ms | ActiveRecord: 0.4ms | Allocations: 942)


Started GET "/" for 127.0.0.1 at 2026-05-29 14:06:56 -0500
Processing by CustomersController#index as HTML
  Rendering layout layouts/application.html.erb
  Rendering customers/index.html.erb within layouts/application
  [1m[36mCustomer Load (0.3ms)[0m  [1m[34mSELECT "vw_customers".* FROM "vw_customers"[0m
  ↳ app/views/customers/index.html.erb:15
  Rendered customers/index.html.erb within layouts/application (Duration: 1.1ms | Allocations: 668)
  Rendered layout layouts/application.html.erb (Duration: 1.1ms | Allocations: 719)
Completed 200 OK in 1ms (Views: 1.0ms | ActiveRecord: 0.3ms | Allocations: 926)


Started GET "/" for 127.0.0.1 at 2026-05-29 14:12:05 -0500
Processing by CustomersController#index as HTML
  Rendering layout layouts/application.html.erb
  Rendering customers/index.html.erb within layouts/application
  [1m[36mCustomer Load (0.6ms)[0m  [1m[34mSELECT "vw_customers".* FROM "vw_customers"[0m
  ↳ app/views/customers/index.html.erb:15
  Rendered customers/index.html.erb within layouts/application (Duration: 1.5ms | Allocations: 674)
  Rendered layout layouts/application.html.erb (Duration: 1.6ms | Allocations: 726)
Completed 200 OK in 2ms (Views: 1.5ms | ActiveRecord: 0.6ms | Allocations: 939)


Started GET "/" for 127.0.0.1 at 2026-05-29 14:23:32 -0500
  [1m[36mActiveRecord::SchemaMigration Pluck (0.9ms)[0m  [1m[34mSELECT "schema_migrations"."version" FROM "schema_migrations" ORDER BY "schema_migrations"."version" ASC[0m
Processing by CustomersController#index as HTML
  Rendering layout layouts/application.html.erb
  Rendering customers/index.html.erb within layouts/application
  [1m[36mCustomer Load (0.8ms)[0m  [1m[34mSELECT "vw_customers".* FROM "vw_customers"[0m
  ↳ app/views/customers/index.html.erb:15
  Rendered customers/index.html.erb within layouts/application (Duration: 5.6ms | Allocations: 5696)
  Rendered layout layouts/application.html.erb (Duration: 6.0ms | Allocations: 5895)
Completed 200 OK in 15ms (Views: 5.4ms | ActiveRecord: 2.4ms | Allocations: 12001)


Started GET "/" for 127.0.0.1 at 2026-05-29 14:36:38 -0500
  [1m[36mActiveRecord::SchemaMigration Pluck (1.0ms)[0m  [1m[34mSELECT "schema_migrations"."version" FROM "schema_migrations" ORDER BY "schema_migrations"."version" ASC[0m
Processing by CustomersController#index as HTML
  Rendering layout layouts/application.html.erb
  Rendering customers/index.html.erb within layouts/application
  [1m[36mCustomer Load (0.4ms)[0m  [1m[34mSELECT "vw_customers".* FROM "vw_customers"[0m
  ↳ app/views/customers/index.html.erb:15
  Rendered customers/index.html.erb within layouts/application (Duration: 4.9ms | Allocations: 5690)
  Rendered layout layouts/application.html.erb (Duration: 5.1ms | Allocations: 5889)
Completed 200 OK in 12ms (Views: 4.2ms | ActiveRecord: 2.2ms | Allocations: 11995)


Started GET "/" for 127.0.0.1 at 2026-05-29 14:36:40 -0500
Processing by CustomersController#index as HTML
  Rendering layout layouts/application.html.erb
  Rendering customers/index.html.erb within layouts/application
  [1m[36mCustomer Load (0.4ms)[0m  [1m[34mSELECT "vw_customers".* FROM "vw_customers"[0m
  ↳ app/views/customers/index.html.erb:15
  Rendered customers/index.html.erb within layouts/application (Duration: 1.7ms | Allocations: 676)
  Rendered layout layouts/application.html.erb (Duration: 1.8ms | Allocations: 728)
Completed 200 OK in 3ms (Views: 2.1ms | ActiveRecord: 0.4ms | Allocations: 942)


Started GET "/" for 127.0.0.1 at 2026-05-29 14:36:41 -0500
Processing by CustomersController#index as HTML
  Rendering layout layouts/application.html.erb
  Rendering customers/index.html.erb within layouts/application
  [1m[36mCustomer Load (0.3ms)[0m  [1m[34mSELECT "vw_customers".* FROM "vw_customers"[0m
  ↳ app/views/customers/index.html.erb:15
  Rendered customers/index.html.erb within layouts/application (Duration: 1.0ms | Allocations: 668)
  Rendered layout layouts/application.html.erb (Duration: 1.0ms | Allocations: 719)
Completed 200 OK in 1ms (Views: 0.9ms | ActiveRecord: 0.3ms | Allocations: 926)


Started GET "/" for 127.0.0.1 at 2026-05-29 14:36:42 -0500
Processing by CustomersController#index as HTML
  Rendering layout layouts/application.html.erb
  Rendering customers/index.html.erb within layouts/application
  [1m[36mCustomer Load (0.4ms)[0m  [1m[34mSELECT "vw_customers".* FROM "vw_customers"[0m
  ↳ app/views/customers/index.html.erb:15
  Rendered customers/index.html.erb within layouts/application (Duration: 1.4ms | Allocations: 668)
  Rendered layout layouts/application.html.erb (Duration: 1.4ms | Allocations: 719)
Completed 200 OK in 2ms (Views: 1.2ms | ActiveRecord: 0.4ms | Allocations: 926)


Started GET "/" for 127.0.0.1 at 2026-05-29 14:37:03 -0500
Processing by CustomersController#index as HTML
  Rendering layout layouts/application.html.erb
  Rendering customers/index.html.erb within layouts/application
  [1m[36mCustomer Load (0.3ms)[0m  [1m[34mSELECT "vw_customers".* FROM "vw_customers"[0m
  ↳ app/views/customers/index.html.erb:15
  Rendered customers/index.html.erb within layouts/application (Duration: 1.0ms | Allocations: 668)
  Rendered layout layouts/application.html.erb (Duration: 1.0ms | Allocations: 719)
Completed 200 OK in 1ms (Views: 0.8ms | ActiveRecord: 0.3ms | Allocations: 928)


Started GET "/" for 127.0.0.1 at 2026-05-29 14:37:05 -0500
Processing by CustomersController#index as HTML
  Rendering layout layouts/application.html.erb
  Rendering customers/index.html.erb within layouts/application
  [1m[36mCustomer Load (0.6ms)[0m  [1m[34mSELECT "vw_customers".* FROM "vw_customers"[0m
  ↳ app/views/customers/index.html.erb:15
  Rendered customers/index.html.erb within layouts/application (Duration: 1.9ms | Allocations: 668)
  Rendered layout layouts/application.html.erb (Duration: 2.0ms | Allocations: 719)
Completed 200 OK in 3ms (Views: 1.8ms | ActiveRecord: 0.6ms | Allocations: 926)


Started GET "/" for 127.0.0.1 at 2026-05-29 14:37:05 -0500
Processing by CustomersController#index as HTML
  Rendering layout layouts/application.html.erb
  Rendering customers/index.html.erb within layouts/application
  [1m[36mCustomer Load (0.3ms)[0m  [1m[34mSELECT "vw_customers".* FROM "vw_customers"[0m
  ↳ app/views/customers/index.html.erb:15
  Rendered customers/index.html.erb within layouts/application (Duration: 1.1ms | Allocations: 668)
  Rendered layout layouts/application.html.erb (Duration: 1.2ms | Allocations: 719)
Completed 200 OK in 2ms (Views: 1.2ms | ActiveRecord: 0.3ms | Allocations: 927)


Started GET "/" for 127.0.0.1 at 2026-05-29 14:37:09 -0500
Processing by CustomersController#index as HTML
  Rendering layout layouts/application.html.erb
  Rendering customers/index.html.erb within layouts/application
  [1m[36mCustomer Load (0.5ms)[0m  [1m[34mSELECT "vw_customers".* FROM "vw_customers"[0m
  ↳ app/views/customers/index.html.erb:15
  Rendered customers/index.html.erb within layouts/application (Duration: 1.4ms | Allocations: 668)
  Rendered layout layouts/application.html.erb (Duration: 1.5ms | Allocations: 719)
Completed 200 OK in 2ms (Views: 1.3ms | ActiveRecord: 0.5ms | Allocations: 926)


Started GET "/" for 127.0.0.1 at 2026-05-29 14:37:10 -0500
Processing by CustomersController#index as HTML
  Rendering layout layouts/application.html.erb
  Rendering customers/index.html.erb within layouts/application
  [1m[36mCustomer Load (0.4ms)[0m  [1m[34mSELECT "vw_customers".* FROM "vw_customers"[0m
  ↳ app/views/customers/index.html.erb:15
  Rendered customers/index.html.erb within layouts/application (Duration: 1.5ms | Allocations: 668)
  Rendered layout layouts/application.html.erb (Duration: 1.5ms | Allocations: 719)
Completed 200 OK in 2ms (Views: 1.4ms | ActiveRecord: 0.4ms | Allocations: 926)


Started GET "/" for 127.0.0.1 at 2026-05-29 14:37:13 -0500
Processing by CustomersController#index as HTML
  Rendering layout layouts/application.html.erb
  Rendering customers/index.html.erb within layouts/application
  [1m[36mCustomer Load (0.2ms)[0m  [1m[34mSELECT "vw_customers".* FROM "vw_customers"[0m
  ↳ app/views/customers/index.html.erb:15
  Rendered customers/index.html.erb within layouts/application (Duration: 0.8ms | Allocations: 668)
  Rendered layout layouts/application.html.erb (Duration: 0.8ms | Allocations: 719)
Completed 200 OK in 1ms (Views: 0.7ms | ActiveRecord: 0.2ms | Allocations: 926)


Started GET "/" for 127.0.0.1 at 2026-05-29 14:38:50 -0500
Processing by CustomersController#index as HTML
  Rendering layout layouts/application.html.erb
  Rendering customers/index.html.erb within layouts/application
  [1m[36mCustomer Load (0.5ms)[0m  [1m[34mSELECT "vw_customers".* FROM "vw_customers"[0m
  ↳ app/views/customers/index.html.erb:15
  Rendered customers/index.html.erb within layouts/application (Duration: 1.9ms | Allocations: 674)
  Rendered layout layouts/application.html.erb (Duration: 2.0ms | Allocations: 726)
Completed 200 OK in 2ms (Views: 1.7ms | ActiveRecord: 0.5ms | Allocations: 939)


Started GET "/" for 127.0.0.1 at 2026-05-29 14:40:59 -0500
  [1m[36mActiveRecord::SchemaMigration Pluck (0.8ms)[0m  [1m[34mSELECT "schema_migrations"."version" FROM "schema_migrations" ORDER BY "schema_migrations"."version" ASC[0m
Processing by CustomersController#index as HTML
  Rendering layout layouts/application.html.erb
  Rendering customers/index.html.erb within layouts/application
  [1m[36mCustomer Load (0.8ms)[0m  [1m[34mSELECT "vw_customers".* FROM "vw_customers"[0m
  ↳ app/views/customers/index.html.erb:15
  Rendered customers/index.html.erb within layouts/application (Duration: 5.1ms | Allocations: 5697)
  Rendered layout layouts/application.html.erb (Duration: 5.4ms | Allocations: 5896)
Completed 200 OK in 12ms (Views: 4.8ms | ActiveRecord: 2.0ms | Allocations: 12002)


Started GET "/" for 127.0.0.1 at 2026-05-29 14:41:01 -0500
Processing by CustomersController#index as HTML
  Rendering layout layouts/application.html.erb
  Rendering customers/index.html.erb within layouts/application
  [1m[36mCustomer Load (0.5ms)[0m  [1m[34mSELECT "vw_customers".* FROM "vw_customers"[0m
  ↳ app/views/customers/index.html.erb:15
  Rendered customers/index.html.erb within layouts/application (Duration: 1.6ms | Allocations: 676)
  Rendered layout layouts/application.html.erb (Duration: 1.7ms | Allocations: 728)
Completed 200 OK in 2ms (Views: 1.4ms | ActiveRecord: 0.5ms | Allocations: 942)


Started GET "/" for 127.0.0.1 at 2026-05-29 14:42:58 -0500
Processing by CustomersController#index as HTML
  Rendering layout layouts/application.html.erb
  Rendering customers/index.html.erb within layouts/application
  [1m[36mCustomer Load (0.6ms)[0m  [1m[34mSELECT "customers".* FROM "customers"[0m
  ↳ app/views/customers/index.html.erb:18
  Rendered customers/index.html.erb within layouts/application (Duration: 4.8ms | Allocations: 3051)
  Rendered layout layouts/application.html.erb (Duration: 5.1ms | Allocations: 3224)
Completed 200 OK in 7ms (Views: 2.5ms | ActiveRecord: 3.1ms | Allocations: 4550)


Started GET "/" for 127.0.0.1 at 2026-05-29 14:42:59 -0500
Processing by CustomersController#index as HTML
  Rendering layout layouts/application.html.erb
  Rendering customers/index.html.erb within layouts/application
  [1m[36mCustomer Load (0.2ms)[0m  [1m[34mSELECT "customers".* FROM "customers"[0m
  ↳ app/views/customers/index.html.erb:18
  Rendered customers/index.html.erb within layouts/application (Duration: 1.0ms | Allocations: 1342)
  Rendered layout layouts/application.html.erb (Duration: 1.0ms | Allocations: 1394)
Completed 200 OK in 1ms (Views: 0.9ms | ActiveRecord: 0.2ms | Allocations: 1607)


Started GET "/" for 127.0.0.1 at 2026-05-29 14:43:00 -0500
Processing by CustomersController#index as HTML
  Rendering layout layouts/application.html.erb
  Rendering customers/index.html.erb within layouts/application
  [1m[36mCustomer Load (0.2ms)[0m  [1m[34mSELECT "customers".* FROM "customers"[0m
  ↳ app/views/customers/index.html.erb:18
  Rendered customers/index.html.erb within layouts/application (Duration: 1.3ms | Allocations: 1336)
  Rendered layout layouts/application.html.erb (Duration: 1.3ms | Allocations: 1387)
Completed 200 OK in 2ms (Views: 1.2ms | ActiveRecord: 0.2ms | Allocations: 1594)


Started GET "/" for 127.0.0.1 at 2026-05-29 14:43:14 -0500
Processing by CustomersController#index as HTML
  Rendering layout layouts/application.html.erb
  Rendering customers/index.html.erb within layouts/application
  [1m[36mCustomer Load (0.4ms)[0m  [1m[34mSELECT "customers".* FROM "customers"[0m
  ↳ app/views/customers/index.html.erb:18
  Rendered customers/index.html.erb within layouts/application (Duration: 2.1ms | Allocations: 1681)
  Rendered layout layouts/application.html.erb (Duration: 2.4ms | Allocations: 1853)
Completed 200 OK in 3ms (Views: 2.7ms | ActiveRecord: 0.4ms | Allocations: 2566)


Started GET "/" for 127.0.0.1 at 2026-05-29 14:43:15 -0500
Processing by CustomersController#index as HTML
  Rendering layout layouts/application.html.erb
  Rendering customers/index.html.erb within layouts/application
  [1m[36mCustomer Load (0.5ms)[0m  [1m[34mSELECT "customers".* FROM "customers"[0m
  ↳ app/views/customers/index.html.erb:18
  Rendered customers/index.html.erb within layouts/application (Duration: 2.6ms | Allocations: 1336)
  Rendered layout layouts/application.html.erb (Duration: 2.7ms | Allocations: 1387)
Completed 200 OK in 3ms (Views: 2.5ms | ActiveRecord: 0.5ms | Allocations: 1595)


Started GET "/" for 127.0.0.1 at 2026-05-29 14:43:16 -0500
Processing by CustomersController#index as HTML
  Rendering layout layouts/application.html.erb
  Rendering customers/index.html.erb within layouts/application
  [1m[36mCustomer Load (0.4ms)[0m  [1m[34mSELECT "customers".* FROM "customers"[0m
  ↳ app/views/customers/index.html.erb:18
  Rendered customers/index.html.erb within layouts/application (Duration: 1.8ms | Allocations: 1336)
  Rendered layout layouts/application.html.erb (Duration: 1.9ms | Allocations: 1387)
Completed 200 OK in 2ms (Views: 1.8ms | ActiveRecord: 0.4ms | Allocations: 1594)


Started GET "/" for 127.0.0.1 at 2026-05-29 14:43:17 -0500
Processing by CustomersController#index as HTML
  Rendering layout layouts/application.html.erb
  Rendering customers/index.html.erb within layouts/application
  [1m[36mCustomer Load (0.4ms)[0m  [1m[34mSELECT "customers".* FROM "customers"[0m
  ↳ app/views/customers/index.html.erb:18
  Rendered customers/index.html.erb within layouts/application (Duration: 2.1ms | Allocations: 1336)
  Rendered layout layouts/application.html.erb (Duration: 2.2ms | Allocations: 1387)
Completed 200 OK in 3ms (Views: 2.1ms | ActiveRecord: 0.4ms | Allocations: 1594)


Started GET "/" for 127.0.0.1 at 2026-05-29 14:43:18 -0500
Processing by CustomersController#index as HTML
  Rendering layout layouts/application.html.erb
  Rendering customers/index.html.erb within layouts/application
  [1m[36mCustomer Load (0.3ms)[0m  [1m[34mSELECT "customers".* FROM "customers"[0m
  ↳ app/views/customers/index.html.erb:18
  Rendered customers/index.html.erb within layouts/application (Duration: 1.5ms | Allocations: 1336)
  Rendered layout layouts/application.html.erb (Duration: 1.6ms | Allocations: 1387)
Completed 200 OK in 2ms (Views: 1.5ms | ActiveRecord: 0.3ms | Allocations: 1594)


Started GET "/" for 127.0.0.1 at 2026-05-29 14:43:29 -0500
  [1m[36mActiveRecord::SchemaMigration Pluck (0.7ms)[0m  [1m[34mSELECT "schema_migrations"."version" FROM "schema_migrations" ORDER BY "schema_migrations"."version" ASC[0m
Processing by CustomersController#index as */*
  Rendering layout layouts/application.html.erb
  Rendering customers/index.html.erb within layouts/application
  [1m[36mCustomer Load (0.7ms)[0m  [1m[34mSELECT "customers".* FROM "customers"[0m
  ↳ app/views/customers/index.html.erb:18
  Rendered customers/index.html.erb within layouts/application (Duration: 5.2ms | Allocations: 5588)
  Rendered layout layouts/application.html.erb (Duration: 5.4ms | Allocations: 5782)
Completed 200 OK in 12ms (Views: 4.2ms | ActiveRecord: 2.5ms | Allocations: 12025)


Started GET "/" for 127.0.0.1 at 2026-05-29 14:43:29 -0500
Processing by CustomersController#index as HTML
  Rendering layout layouts/application.html.erb
  Rendering customers/index.html.erb within layouts/application
  [1m[36mCustomer Load (0.3ms)[0m  [1m[34mSELECT "customers".* FROM "customers"[0m
  ↳ app/views/customers/index.html.erb:18
  Rendered customers/index.html.erb within layouts/application (Duration: 1.3ms | Allocations: 1337)
  Rendered layout layouts/application.html.erb (Duration: 1.3ms | Allocations: 1388)
Completed 200 OK in 2ms (Views: 1.3ms | ActiveRecord: 0.3ms | Allocations: 1598)


Started GET "/" for 127.0.0.1 at 2026-05-29 14:43:30 -0500
Processing by CustomersController#index as HTML
  Rendering layout layouts/application.html.erb
  Rendering customers/index.html.erb within layouts/application
  [1m[36mCustomer Load (0.2ms)[0m  [1m[34mSELECT "customers".* FROM "customers"[0m
  ↳ app/views/customers/index.html.erb:18
  Rendered customers/index.html.erb within layouts/application (Duration: 1.5ms | Allocations: 1343)
  Rendered layout layouts/application.html.erb (Duration: 1.6ms | Allocations: 1395)
Completed 200 OK in 2ms (Views: 1.5ms | ActiveRecord: 0.2ms | Allocations: 1608)


Started GET "/" for 127.0.0.1 at 2026-05-29 14:43:31 -0500
Processing by CustomersController#index as */*
  Rendering layout layouts/application.html.erb
  Rendering customers/index.html.erb within layouts/application
  [1m[36mCustomer Load (0.2ms)[0m  [1m[34mSELECT "customers".* FROM "customers"[0m
  ↳ app/views/customers/index.html.erb:18
  Rendered customers/index.html.erb within layouts/application (Duration: 1.0ms | Allocations: 1336)
  Rendered layout layouts/application.html.erb (Duration: 1.0ms | Allocations: 1387)
Completed 200 OK in 1ms (Views: 0.9ms | ActiveRecord: 0.2ms | Allocations: 1601)


Started GET "/" for 127.0.0.1 at 2026-05-29 14:43:32 -0500
Processing by CustomersController#index as HTML
  Rendering layout layouts/application.html.erb
  Rendering customers/index.html.erb within layouts/application
  [1m[36mCustomer Load (0.2ms)[0m  [1m[34mSELECT "customers".* FROM "customers"[0m
  ↳ app/views/customers/index.html.erb:18
  Rendered customers/index.html.erb within layouts/application (Duration: 1.7ms | Allocations: 1336)
  Rendered layout layouts/application.html.erb (Duration: 1.9ms | Allocations: 1387)
Completed 200 OK in 2ms (Views: 2.1ms | ActiveRecord: 0.2ms | Allocations: 1594)


Started GET "/" for 127.0.0.1 at 2026-05-29 14:43:32 -0500
Processing by CustomersController#index as HTML
  Rendering layout layouts/application.html.erb
  Rendering customers/index.html.erb within layouts/application
  [1m[36mCustomer Load (0.4ms)[0m  [1m[34mSELECT "customers".* FROM "customers"[0m
  ↳ app/views/customers/index.html.erb:18
  Rendered customers/index.html.erb within layouts/application (Duration: 2.4ms | Allocations: 1336)
  Rendered layout layouts/application.html.erb (Duration: 2.5ms | Allocations: 1387)
Completed 200 OK in 3ms (Views: 2.5ms | ActiveRecord: 0.4ms | Allocations: 1594)


Started GET "/" for 127.0.0.1 at 2026-05-29 14:43:33 -0500
Processing by CustomersController#index as HTML
  Rendering layout layouts/application.html.erb
  Rendering customers/index.html.erb within layouts/application
  [1m[36mCustomer Load (0.3ms)[0m  [1m[34mSELECT "customers".* FROM "customers"[0m
  ↳ app/views/customers/index.html.erb:18
  Rendered customers/index.html.erb within layouts/application (Duration: 1.4ms | Allocations: 1336)
  Rendered layout layouts/application.html.erb (Duration: 1.5ms | Allocations: 1387)
Completed 200 OK in 2ms (Views: 1.3ms | ActiveRecord: 0.3ms | Allocations: 1594)


Started GET "/customers/jane-smith-email-com/edit" for 127.0.0.1 at 2026-05-29 14:43:34 -0500
Processing by CustomersController#edit as */*
  Parameters: {"id"=>"jane-smith-email-com"}
  [1m[36mCustomer Load (0.2ms)[0m  [1m[34mSELECT "customers".* FROM "customers" WHERE "customers"."customer_id" = $1 LIMIT $2[0m  [["customer_id", "jane-smith-email-com"], ["LIMIT", 1]]
  ↳ app/controllers/customers_controller.rb:43:in `set_customer'
  Rendering layout layouts/application.html.erb
  Rendering customers/edit.html.erb within layouts/application
  Rendered customers/_form.html.erb (Duration: 4.1ms | Allocations: 2819)
  Rendered customers/edit.html.erb within layouts/application (Duration: 4.6ms | Allocations: 3050)
  Rendered layout layouts/application.html.erb (Duration: 4.7ms | Allocations: 3101)
Completed 200 OK in 8ms (Views: 4.8ms | ActiveRecord: 0.4ms | Allocations: 5536)


Started GET "/" for 127.0.0.1 at 2026-05-29 14:43:37 -0500
Processing by CustomersController#index as HTML
  Rendering layout layouts/application.html.erb
  Rendering customers/index.html.erb within layouts/application
  [1m[36mCustomer Load (0.2ms)[0m  [1m[34mSELECT "customers".* FROM "customers"[0m
  ↳ app/views/customers/index.html.erb:18
  Rendered customers/index.html.erb within layouts/application (Duration: 1.2ms | Allocations: 1336)
  Rendered layout layouts/application.html.erb (Duration: 1.2ms | Allocations: 1387)
Completed 200 OK in 2ms (Views: 1.3ms | ActiveRecord: 0.2ms | Allocations: 1594)


Started GET "/customers/jane-smith-email-com/edit" for 127.0.0.1 at 2026-05-29 14:43:38 -0500
Processing by CustomersController#edit as */*
  Parameters: {"id"=>"jane-smith-email-com"}
  [1m[36mCustomer Load (0.3ms)[0m  [1m[34mSELECT "customers".* FROM "customers" WHERE "customers"."customer_id" = $1 LIMIT $2[0m  [["customer_id", "jane-smith-email-com"], ["LIMIT", 1]]
  ↳ app/controllers/customers_controller.rb:43:in `set_customer'
  Rendering layout layouts/application.html.erb
  Rendering customers/edit.html.erb within layouts/application
  Rendered customers/_form.html.erb (Duration: 0.5ms | Allocations: 1072)
  Rendered customers/edit.html.erb within layouts/application (Duration: 0.6ms | Allocations: 1110)
  Rendered layout layouts/application.html.erb (Duration: 0.6ms | Allocations: 1161)
Completed 200 OK in 2ms (Views: 0.8ms | ActiveRecord: 0.3ms | Allocations: 1857)


Started PATCH "/customers/jane-smith-email-com" for 127.0.0.1 at 2026-05-29 14:43:38 -0500
Processing by CustomersController#update as */*
  Parameters: {"customer"=>{"first_name"=>"Janet", "last_name"=>"Smith", "email_address"=>"janet.smith@email.com"}, "authenticity_token"=>"patch\nSrlZzPdZJoAxhf4_pVIV1rxbgRKyrsu8BFcgK3gdGQeYmCflbvDW9A0klZj_oHuz5AhAGJjtebi4AJ9eEGIq6w", "id"=>"jane-smith-email-com"}
Can't verify CSRF token authenticity.
Completed 422 Unprocessable Entity in 0ms (ActiveRecord: 0.0ms | Allocations: 725)


  
ActionController::InvalidAuthenticityToken (Can't verify CSRF token authenticity.):
  
actionpack (7.0.10) lib/action_controller/metal/request_forgery_protection.rb:253:in `handle_unverified_request'
actionpack (7.0.10) lib/action_controller/metal/request_forgery_protection.rb:286:in `handle_unverified_request'
actionpack (7.0.10) lib/action_controller/metal/request_forgery_protection.rb:275:in `verify_authenticity_token'
activesupport (7.0.10) lib/active_support/callbacks.rb:400:in `block in make_lambda'
activesupport (7.0.10) lib/active_support/callbacks.rb:199:in `block (2 levels) in halting'
actionpack (7.0.10) lib/abstract_controller/callbacks.rb:34:in `block (2 levels) in <module:Callbacks>'
activesupport (7.0.10) lib/active_support/callbacks.rb:200:in `block in halting'
activesupport (7.0.10) lib/active_support/callbacks.rb:595:in `block in invoke_before'
activesupport (7.0.10) lib/active_support/callbacks.rb:595:in `each'
activesupport (7.0.10) lib/active_support/callbacks.rb:595:in `invoke_before'
activesupport (7.0.10) lib/active_support/callbacks.rb:116:in `block in run_callbacks'
activesupport (7.0.10) lib/active_support/callbacks.rb:138:in `run_callbacks'
actionpack (7.0.10) lib/abstract_controller/callbacks.rb:233:in `process_action'
actionpack (7.0.10) lib/action_controller/metal/rescue.rb:23:in `process_action'
actionpack (7.0.10) lib/action_controller/metal/instrumentation.rb:67:in `block in process_action'
activesupport (7.0.10) lib/active_support/notifications.rb:206:in `block in instrument'
activesupport (7.0.10) lib/active_support/notifications/instrumenter.rb:24:in `instrument'
activesupport (7.0.10) lib/active_support/notifications.rb:206:in `instrument'
actionpack (7.0.10) lib/action_controller/metal/instrumentation.rb:66:in `process_action'
actionpack (7.0.10) lib/action_controller/metal/params_wrapper.rb:259:in `process_action'
activerecord (7.0.10) lib/active_record/railties/controller_runtime.rb:27:in `process_action'
actionpack (7.0.10) lib/abstract_controller/base.rb:151:in `process'
actionview (7.0.10) lib/action_view/rendering.rb:39:in `process'
actionpack (7.0.10) lib/action_controller/metal.rb:188:in `dispatch'
actionpack (7.0.10) lib/action_controller/metal.rb:251:in `dispatch'
actionpack (7.0.10) lib/action_dispatch/routing/route_set.rb:49:in `dispatch'
actionpack (7.0.10) lib/action_dispatch/routing/route_set.rb:32:in `serve'
actionpack (7.0.10) lib/action_dispatch/journey/router.rb:50:in `block in serve'
actionpack (7.0.10) lib/action_dispatch/journey/router.rb:32:in `each'
actionpack (7.0.10) lib/action_dispatch/journey/router.rb:32:in `serve'
actionpack (7.0.10) lib/action_dispatch/routing/route_set.rb:852:in `call'
rack (2.2.23) lib/rack/tempfile_reaper.rb:15:in `call'
rack (2.2.23) lib/rack/etag.rb:27:in `call'
rack (2.2.23) lib/rack/conditional_get.rb:40:in `call'
rack (2.2.23) lib/rack/head.rb:12:in `call'
actionpack (7.0.10) lib/action_dispatch/http/permissions_policy.rb:38:in `call'
actionpack (7.0.10) lib/action_dispatch/http/content_security_policy.rb:39:in `call'
rack (2.2.23) lib/rack/session/abstract/id.rb:266:in `context'
rack (2.2.23) lib/rack/session/abstract/id.rb:260:in `call'
actionpack (7.0.10) lib/action_dispatch/middleware/cookies.rb:704:in `call'
activerecord (7.0.10) lib/active_record/migration.rb:639:in `call'
actionpack (7.0.10) lib/action_dispatch/middleware/callbacks.rb:27:in `block in call'
activesupport (7.0.10) lib/active_support/callbacks.rb:99:in `run_callbacks'
actionpack (7.0.10) lib/action_dispatch/middleware/callbacks.rb:26:in `call'
actionpack (7.0.10) lib/action_dispatch/middleware/executor.rb:14:in `call'
actionpack (7.0.10) lib/action_dispatch/middleware/actionable_exceptions.rb:17:in `call'
actionpack (7.0.10) lib/action_dispatch/middleware/debug_exceptions.rb:28:in `call'
web-console (4.2.1) lib/web_console/middleware.rb:132:in `call_app'
web-console (4.2.1) lib/web_console/middleware.rb:28:in `block in call'
web-console (4.2.1) lib/web_console/middleware.rb:17:in `catch'
web-console (4.2.1) lib/web_console/middleware.rb:17:in `call'
actionpack (7.0.10) lib/action_dispatch/middleware/show_exceptions.rb:29:in `call'
railties (7.0.10) lib/rails/rack/logger.rb:40:in `call_app'
railties (7.0.10) lib/rails/rack/logger.rb:25:in `block in call'
activesupport (7.0.10) lib/active_support/tagged_logging.rb:99:in `block in tagged'
activesupport (7.0.10) lib/active_support/tagged_logging.rb:37:in `tagged'
activesupport (7.0.10) lib/active_support/tagged_logging.rb:99:in `tagged'
railties (7.0.10) lib/rails/rack/logger.rb:25:in `call'
actionpack (7.0.10) lib/action_dispatch/middleware/remote_ip.rb:93:in `call'
actionpack (7.0.10) lib/action_dispatch/middleware/request_id.rb:26:in `call'
rack (2.2.23) lib/rack/method_override.rb:24:in `call'
rack (2.2.23) lib/rack/runtime.rb:22:in `call'
actionpack (7.0.10) lib/action_dispatch/middleware/executor.rb:14:in `call'
actionpack (7.0.10) lib/action_dispatch/middleware/static.rb:23:in `call'
rack (2.2.23) lib/rack/sendfile.rb:127:in `call'
actionpack (7.0.10) lib/action_dispatch/middleware/host_authorization.rb:138:in `call'
railties (7.0.10) lib/rails/engine.rb:531:in `call'
puma (5.6.9) lib/puma/configuration.rb:252:in `call'
puma (5.6.9) lib/puma/request.rb:77:in `block in handle_request'
puma (5.6.9) lib/puma/thread_pool.rb:340:in `with_force_shutdown'
puma (5.6.9) lib/puma/request.rb:76:in `handle_request'
puma (5.6.9) lib/puma/server.rb:443:in `process_client'
puma (5.6.9) lib/puma/thread_pool.rb:147:in `block in spawn_thread'
Started GET "/customers/jane-smith-email-com" for 127.0.0.1 at 2026-05-29 14:43:40 -0500
Processing by CustomersController#show as */*
  Parameters: {"id"=>"jane-smith-email-com"}
  [1m[36mCustomer Load (0.2ms)[0m  [1m[34mSELECT "customers".* FROM "customers" WHERE "customers"."customer_id" = $1 LIMIT $2[0m  [["customer_id", "jane-smith-email-com"], ["LIMIT", 1]]
  ↳ app/controllers/customers_controller.rb:43:in `set_customer'
  Rendering layout layouts/application.html.erb
  Rendering customers/show.html.erb within layouts/application
  Rendered customers/show.html.erb within layouts/application (Duration: 1.2ms | Allocations: 449)
  Rendered layout layouts/application.html.erb (Duration: 1.2ms | Allocations: 500)
Completed 200 OK in 2ms (Views: 1.4ms | ActiveRecord: 0.2ms | Allocations: 1255)


Started GET "/customers/new" for 127.0.0.1 at 2026-05-29 14:43:43 -0500
Processing by CustomersController#new as */*
  Rendering layout layouts/application.html.erb
  Rendering customers/new.html.erb within layouts/application
  Rendered customers/_form.html.erb (Duration: 0.6ms | Allocations: 1001)
  Rendered customers/new.html.erb within layouts/application (Duration: 1.5ms | Allocations: 1148)
  Rendered layout layouts/application.html.erb (Duration: 1.5ms | Allocations: 1199)
Completed 200 OK in 2ms (Views: 1.6ms | ActiveRecord: 0.0ms | Allocations: 1498)


Started GET "/" for 127.0.0.1 at 2026-05-29 14:43:44 -0500
Processing by CustomersController#index as HTML
  Rendering layout layouts/application.html.erb
  Rendering customers/index.html.erb within layouts/application
  [1m[36mCustomer Load (0.2ms)[0m  [1m[34mSELECT "customers".* FROM "customers"[0m
  ↳ app/views/customers/index.html.erb:18
  Rendered customers/index.html.erb within layouts/application (Duration: 1.2ms | Allocations: 1336)
  Rendered layout layouts/application.html.erb (Duration: 1.3ms | Allocations: 1387)
Completed 200 OK in 2ms (Views: 1.2ms | ActiveRecord: 0.2ms | Allocations: 1593)


Started GET "/" for 127.0.0.1 at 2026-05-29 14:44:21 -0500
  [1m[36mActiveRecord::SchemaMigration Pluck (0.8ms)[0m  [1m[34mSELECT "schema_migrations"."version" FROM "schema_migrations" ORDER BY "schema_migrations"."version" ASC[0m
Processing by CustomersController#index as HTML
  Rendering layout layouts/application.html.erb
  Rendering customers/index.html.erb within layouts/application
  [1m[36mCustomer Load (0.8ms)[0m  [1m[34mSELECT "customers".* FROM "customers"[0m
  ↳ app/views/customers/index.html.erb:18
  Rendered customers/index.html.erb within layouts/application (Duration: 5.5ms | Allocations: 5586)
  Rendered layout layouts/application.html.erb (Duration: 5.8ms | Allocations: 5780)
Completed 200 OK in 13ms (Views: 5.1ms | ActiveRecord: 2.2ms | Allocations: 11940)


Started GET "/" for 127.0.0.1 at 2026-05-29 14:44:24 -0500
Processing by CustomersController#index as HTML
  Rendering layout layouts/application.html.erb
  Rendering customers/index.html.erb within layouts/application
  [1m[36mCustomer Load (0.4ms)[0m  [1m[34mSELECT "customers".* FROM "customers"[0m
  ↳ app/views/customers/index.html.erb:18
  Rendered customers/index.html.erb within layouts/application (Duration: 1.4ms | Allocations: 1344)
  Rendered layout layouts/application.html.erb (Duration: 1.4ms | Allocations: 1396)
Completed 200 OK in 2ms (Views: 1.3ms | ActiveRecord: 0.4ms | Allocations: 1610)


