=== Binary (ARM64) Substrate Test Run ===

======================================================================
Binary Execution Substrate - Multi-Entity Test Execution
======================================================================

Loaded library: /Users/eejai42/effortlessapi-app-root/users/user_ee42ai73-18a9-47d5-8f99-954b00f6c041/my-projects/effortlessly-invariant-rulesbooks/execution-substrates/binary/erb_calc.dylib
Loading rulebook...
Discovered 5 entities: Client, Projects, Employees, Roles, TypesOfProject
  Schema for client: 6 fields, 96 bytes
    Found: eval_client_full_name -> string
  -> client: 3 records
  Schema for employees: 9 fields, 136 bytes
  -> employees: No assembly functions; writing raw passthrough
  Schema for projects: 14 fields, 200 bytes
  -> projects: No assembly functions; writing raw passthrough
  Schema for roles: 6 fields, 80 bytes
  -> roles: No assembly functions; writing raw passthrough
  Schema for types_of_project: 6 fields, 80 bytes
  -> types_of_project: No assembly functions; writing raw passthrough

Binary substrate: Processed 5 entities, 16 total records
======================================================================

