[1] blau-kahn-2017 …
[2] oaxaca-1973 …
[3] card-1992 …
[4] chetty-et-al-2014 …
[5] chetty-friedman-saez-turner-yagan-2020 …
[6] chetty-deming-friedman-2023 …
[7] piketty-saez-2003 …
[8] juhn-murphy-pierce-1993 …
[9] autor-levy-murnane-2003 …
[10] katz-murphy-1992 …
[11] heckman-1979 …
[12] angrist-pischke-2009 …
[13] autor-dorn-2013 …
[14] moretti-2013 …
[15] acemoglu-autor-2011 …
[16] chetty-hendren-katz-2016 …
[17] bhutta-hizmo-ringo-2022 …
[18] saez-2019 …
[19] fortin-lemieux-firpo-2011 …
[20] chetty-friedman-rockoff-2014 …
[21] angwin-larson-mattu-kirchner-2016 …
[22] spohn-2000 …
[23] starr-rehavi-2014 …
[24] ussc-2017 …
[25] western-2006 …
[26] brame-bushway-paternoster-turner-2014 …
[27] gross-risinger-et-al-2017 …
[28] baldus-woodworth-pulaski-1983 …
[29] fryer-2016 …
[30] rehavi-starr-2012 …
[31] kutateladze-andiloro-johnson-spohn-2014 …
[32] johnson-2006 …
[33] harris-steffensmeier-ulmer-painter-davis-2009 …
[34] arcidiacono-kinsler-ransom-2019 …
[35] long-2004 …
[36] alon-tienda-2007 …
[37] hoekstra-2009 …
[38] dale-krueger-2002 …
[39] nces-ipeds …
[40] college-scorecard …
[41] hoxby-avery-2013 …
[42] espenshade-radford-2009 …
[43] bound-lovenheim-turner-2010 …
[44] carnevale-strohl-2010 …
[45] hoxby-murarka-2009 …
[46] rothstein-2004 …
[47] accord-study-group-2008 …
[48] allhat-collaborative-research-group-2002 …
[49] isis-2-collaborative-group-1988 …
[50] plato-trial …
[51] fibrinolytic-therapy-trialists-1994 …
[52] cast-1989 …
[53] women-s-health-initiative-2002 …
[54] dcct-research-group-1993 …
[55] triton-timi-38 …
[56] yusuf-et-al-hope-trial-2000 …
[57] sprint-research-group-2015 …
[58] astrazeneca-mystic-trial-pacific-trial-crossover-2017 …
[59] uk-biobank-ukbb-observational …
[60] hiester-1984 …
[61] efron-morris-1975 …
[62] soccer-pass-completion-by-league-2017 …
[63] marathon-finishing-times-by-age-and-temperature-boston-marat …
[64] tennis-first-serve-percentage-by-surface-2010 …
[65] nfl-quarterback-rating-by-game-situation-2010 …
[66] ellsbury-vs-lowell-2007 …
[67] nhl-shooting-percentage-by-game-state-2010 …
[68] soccer-expected-goals …
[69] wade-boggs-vs-don-mattingly …
[70] lollar-vs-mccatty-pitching-1982 …
[71] mlb-park-factor-adjustments …
[72] olympic-sprint-times-by-heat-type-1996 …
[73] von-kugelgen-mohamed-scholkopf-2021 …
[74] dagan-et-al-2021 …
[75] israeli-ministry-of-health …
[76] yule-1903 …
[77] mantel-haenszel-1959 …
[78] doll-hill-1954 …
[79] hammond-horn-1958 …
[80] polack-et-al-2020 …
[81] baden-et-al-2021 …
[82] flannery-et-al-2020 …
[83] simonsen-et-al-2005 …
[84] hernan-hernandez-diaz-robins-2004 …
[85] cornfield-et-al-1959 …
[86] baker-kramer-2001 …
[87] cdc-covid-19-case-surveillance-2020 …
[88] our-world-in-data-covid-19-dataset-2020 …
[89] shapiro-et-al-1988 …
[90] hernandez-diaz-schisterman-hernan-2006 …
[91] moss-racusin-et-al-2012 …
[92] castilla-2008 …
[93] blau-devaro-2007 …
[94] sarsons-2017 …
[95] ginther-kahn-2004 …
[96] eeoc-charge-data …
[97] nsf-ncses-survey-of-doctoral-recipients …
[98] neumark-bank-van-nort-1996 …
[99] kline-rose-walters-2022 …
[100] hsieh-moretti-2019 …
[101] kohavi-deng-longbotham-xu-2014 …
[102] kohavi-longbotham-2017 …
[103] xu-chen-fernandez-sinno-bhasin-2015 …
[104] deng-xu-kohavi-walker-2013 …
[105] tang-agarwal-o-brien-meyer-2010 …
[106] bakshy-eckles-bernstein-2014 …
[107] dmitriev-frasca-lu-kohavi-olariu-2016 …
[108] kohavi-longbotham-sommerfield-henne-2009 …
[109] hohnhold-o-brien-tang-2015 …
[110] johari-koomen-pekelis-walsh-2017 …
[111] doll-hill-1950 …
[112] dockery-et-al-1993 …
[113] predimed-trial …
[114] mrfit-1982 …
[115] framingham-heart-study …
[116] women-s-health-study …
[117] nhanes-air-quality-and-respiratory …
[118] fillmore-et-al-2006 …
[119] coleman-et-al-1966 …
[120] naep …
[121] krueger-1999 …
[122] finn-achilles-1990 …
[123] mosteller-1995 …
[124] angrist-lavy-1999 …
[125] hoxby-2000 …
[126] abdulkadiroglu-angrist-dynarski-kane-pathak-2011 …
[127] head-start-impact-study …
[128] timss-2019-international-math-and-science …
[129] hanushek-1989 …
[130] early-childhood-longitudinal-study-kindergarten …
[131] rothstein-2010 …
[132] hmda …
[133] munnell-tootell-browne-mceneaney-1996 …
[134] bartlett-morse-stanton-wallace-2022 …
[135] federal-reserve-scf …
[136] cfpb-consumer-credit-panel …
[137] sba-small-business-lending-data …
[138] petersen-rajan-1994 …
[139] berger-udell-1995 …
[140] fdic-small-business-lending-survey-2016 …
[141] keys-mukherjee-seru-vig-2010 …
[142] acharya-imbierowicz-steffen-teichmann-2020 …
Done. Processed 142. Summary: {'total': 142, 'downloaded': 20, 'manual_only': 46, 'portal_manual': 26, 'landing_saved': 36, 'metadata_only': 9, 'blocked': 5}
